0 s/s s/s s/s s/s s/s s/s s/s s/s s/s s/s s/s s/s s/s s/s s/s s/s s/s s/s s/s s/s s/s s/s s/s s/s s/s s/s s/s s/s
1 s/s g/s s/s g/s g/s s/s p/s p/s p/s p/s p/s p/s s/s s/s s/s s/s s/s s/s s/s s/s s/s s/s s/s s/s s/s s/s g/s s/s
2 g/s g/s g/s g/s g/s g/s g/s g/s g/s g/s g/s g/s g/s g/s g/s g/f g/s g/s g/s g/s g/s g/s g/s g/s g/s g/s g/s g/s
3 s/s g/s i/s r/s i/s g/s p/s p/s p/s p/s p/s p/s s/s s/s g/s g/s s/s s/s s/s s/s s/s s/s s/s s/s s/s g/s s/s s/s
4 g/s r/s g/s g/s s/s g/s g/s g/s g/s g/s g/s g/s g/s g/s g/s s/s g/s g/s g/s g/s g/s g/s g/s g/s g/s a/s g/s g/s
5 n/f g/s i/s */* g/s i/s p/s */* */* */* */* */* */* */* g/s */* */* */* */* */* */* */* */* */* n/f */* */* */*
6 n/f i/s r/s n/f r/s n/f n/f n/f n/f n/f n/f n/f n/f n/f n/f n/f n/f n/f n/f n/f n/f s/s n/f n/f n/f n/f a/s n/f
7 g/s g/s g/s s/s g/s i/s g/s g/s g/s g/s g/s g/s s/s g/s s/s s/s g/s g/s g/s g/s g/s n/f g/s g/s s/s g/s r/s g/s
8 s/s r/s g/s g/s i/s r/s p/s p/s p/s p/s p/s p/s g/s s/s r/s g/s s/s s/s s/s s/s s/s g/s s/s s/s g/f r/s s/s r/s
9 g/s g/s g/s r/s g/s g/s g/s g/s g/s g/s g/s g/s s/s r/s g/s r/s g/s g/s g/s g/s g/s r/s r/s g/s g/s a/s g/s g/s
10 r/s g/f i/s s/s g/s g/s p/s p/s p/s p/f p/s p/s g/s g/s g/s g/s s/s g/s s/s s/s s/s g/s g/s s/s s/s g/s g/s s/s
11 g/s g/s g/s g/s i/s r/s g/s g/s g/s p/s g/s g/s r/s s/s g/s s/s g/s g/s g/s r/s r/s s/s s/s g/s r/s g/s g/s r/s
12 s/s i/s r/s g/s r/s i/s p/s p/s p/s g/s p/s p/s g/s g/s g/s g/s r/s g/s r/s g/s g/s g/s g/s r/s g/s g/s g/s g/s
13 r/s r/s s/s r/s s/s g/s r/s g/s g/s p/s r/s g/s g/s g/s r/s g/s s/s g/s g/s s/s s/s s/s g/s g/s r/s r/s g/s g/s
14 g/s s/s g/s s/s g/s i/s g/s p/s p/s g/s g/s p/s r/s g/s g/s s/s g/s g/s s/s g/s r/s g/s r/s g/s g/s g/s g/s g/s
15 i/s g/s g/s g/s g/s g/s p/s g/s g/f p/s p/s g/s g/s s/s g/s g/s g/s r/s g/s s/s g/s s/s g/s g/s a/s a/s r/s r/s
16 g/s s/s r/s g/s g/s i/s g/s p/s g/s r/s g/s p/s g/s r/s g/s s/s g/s g/s s/s r/s s/s g/s g/s g/s g/s a/s a/s a/s
17 i/s g/s g/s r/s r/s r/s p/s r/s p/s g/s p/s g/s s/s g/s g/s g/s s/s g/s g/s g/s g/s r/f g/s r/s g/s r/s g/s g/s
18 g/s s/s i/s g/s g/f g/s g/s g/s g/s p/s g/s r/s g/s g/s s/s r/s g/s g/s r/s g/s g/s r/s r/s g/s r/s g/s r/s a/s
19 r/s r/s g/s g/s g/s i/s r/s p/s p/s g/s p/s p/s r/s g/s g/s g/s r/s g/s s/s g/s r/s s/s g/s g/s a/s g/s g/s g/s
20 i/s g/s r/s g/s r/s r/s p/s g/s r/s p/s g/s g/s g/s g/s s/s g/s g/s g/s r/s r/s g/s g/s g/s g/s a/s a/f a/s r/s
21 g/s g/s g/s i/s s/s g/s g/s p/s g/s g/s r/s p/s g/s g/s g/s g/s g/s r/s g/s g/s g/s g/s g/s g/s g/s r/s r/s a/s
22 i/s i/s g/s r/s g/s i/s p/s r/s p/s p/s p/s g/s g/s r/s r/s g/s g/s g/s s/s s/s g/s g/s g/s s/s r/s a/f g/s g/s
23 r/s s/s g/s g/s g/s s/s g/s g/s g/s r/s g/s p/s g/s g/s g/s g/s g/s g/s r/s g/s g/s r/s s/s r/s g/s a/f a/s r/s
24 s/s r/s g/s g/s g/s g/s p/s p/s p/s g/s p/s g/s r/s s/s g/s g/s g/s s/s r/s s/s g/s g/s g/s g/s a/s a/s a/s g/s
25 g/s g/s r/s g/s r/s g/s r/s g/s g/s p/s g/s p/s g/s r/s g/s g/s g/s g/s r/s r/s g/s s/s s/s g/s a/s a/s g/s a/f
26 g/s g/s g/s i/s s/s g/s g/s p/s p/s g/s p/s g/s g/s g/s g/s r/s r/s r/s r/s g/s r/s r/s r/s g/s r/s r/s g/s g/s
27 g/s g/s g/s r/s g/s s/s p/s g/s g/s p/s r/s p/s s/s g/s r/s g/s g/s g/s g/s g/f g/s r/s g/s r/s g/s g/s g/s g/s
28 r/s g/s r/s g/s g/s r/s g/s p/s p/s g/s g/s g/s g/s r/s g/s g/s g/s g/s s/s g/s g/s r/s g/s g/s a/f g/s r/s r/s
29 i/s g/s g/s g/s g/s r/s p/s g/s r/s r/s p/s p/s r/s r/s g/s g/s s/s g/s g/s r/s g/s r/s g/s r/s a/f g/s g/s a/s
30 s/s g/s i/s g/s r/s r/s g/s p/s g/s p/s g/s r/s r/s r/s g/s g/s g/s g/s s/s g/s g/s g/s g/s r/s a/f g/s g/s a/s
31 g/s r/s r/s r/s s/s r/s p/s g/s p/s g/s p/s g/s r/s r/s g/s g/s s/s s/s g/s */* g/s s/s g/s g/s a/f r/s g/s g/s
32 r/s g/s i/s i/s g/s r/s g/s r/s g/s p/s g/s p/s g/s g/s r/s r/s g/s r/s r/s n/f g/s g/s r/s r/s r/s g/s g/s a/s
33 g/s g/s g/s g/s s/s r/s r/s g/s p/s g/s p/s g/s g/s g/s g/s g/s g/s g/s r/s g/s r/s s/s g/s r/s a/s a/s g/s r/s
34 r/s g/s i/s i/s g/s g/s p/s p/s g/s p/s g/s p/s g/s r/s g/s g/s r/s r/s r/s g/s g/s g/s g/s r/s r/s g/s r/s g/s
35 r/s g/s r/s r/s s/s r/s g/s g/s p/s g/s r/s g/s g/s g/s g/s g/s g/s g/s r/s r/s g/s s/s g/s r/s g/s r/s g/s a/s
36 r/s r/s g/s g/s r/s r/s p/s p/s g/s p/s p/s r/s g/s g/s g/s s/s g/s g/s r/s r/s g/s g/s g/s r/s g/s g/s a/s s/s
37 r/s g/s g/s r/s r/s r/s g/s g/s p/s g/s g/s p/s r/s r/s g/s g/s g/s g/s r/s r/s r/s s/s r/s r/s r/s g/s a/s g/f
38 g/s g/s i/s g/s r/s r/s p/s p/s r/s r/s p/s g/s g/s r/s r/s g/s g/s g/s r/s g/s g/s r/s r/s r/s a/s r/s r/s g/s
39 r/s g/s r/s i/s r/s g/s g/s g/s g/s p/s g/s p/s g/s g/s g/s r/s g/s g/s g/s g/s g/s g/f g/s g/s g/s g/s g/s r/s
40 g/s g/s g/s g/s r/s r/s p/s p/s p/s g/s p/s g/s g/s g/s s/s g/s r/s r/s g/s g/s g/s g/s g/s g/s r/s g/s g/s g/s
41 r/s r/s i/s i/s r/s r/s r/s g/s g/s p/s g/s p/s g/s g/s g/s g/s g/s s/s r/s r/s r/s g/s g/s g/s g/s g/s g/s g/s
42 r/s r/s g/s r/s r/s r/s g/s p/s p/s g/s p/s r/s r/s s/s g/s g/s s/s g/s r/s g/s g/s s/s s/s r/s a/f r/s g/s r/s
43 g/s r/s r/s g/s r/s g/s p/s r/s g/s p/s g/s g/s r/s g/s g/s g/s g/s g/s g/s r/s s/s r/s r/s g/s a/f g/s g/s g/s
44 r/s r/s g/s g/s r/s r/s g/s g/s p/s g/s p/s p/s g/s g/s r/s g/s g/s g/s g/s g/s g/s r/s g/s g/s a/s g/s g/s g/s
45 g/s r/s g/s i/s r/s r/s p/s p/s g/s p/s r/s g/s r/s g/s g/s g/s g/s s/s g/s g/s r/s r/s s/s g/s r/s r/s r/s g/s
46 r/s g/s g/s r/s r/s g/s g/s g/s p/s r/s g/s p/s r/s r/s g/s g/s r/f g/s g/s g/s r/s r/s r/s r/s a/f g/s g/s r/s
47 r/s r/s g/s g/s g/s g/s p/s p/s r/s g/s p/s g/s g/s g/s g/s r/s r/s r/s r/s g/s r/s r/s g/s g/s a/f g/s g/s g/s
48 g/s g/s r/s i/s g/s g/s r/s g/s g/s p/s g/s p/s g/s g/s g/s g/s g/s g/s g/s g/s g/s g/f g/s g/s a/f r/s g/s g/s
49 g/s r/s g/s s/s g/s r/s g/s r/s p/s g/s p/s g/s r/s g/s g/s g/s g/s g/s g/s g/s g/s g/s g/s g/s a/f g/s g/s g/s
50 r/s g/s g/s g/s g/s r/s p/s p/s g/s p/s g/s p/s g/s g/s r/s g/s g/s g/s g/f g/s g/s g/s g/s g/s a/f a/s g/s r/s
51 r/s g/s g/s g/s g/s g/s g/s g/s p/s g/s p/s r/s r/s g/s g/f r/s g/s g/s g/s g/s g/s g/s r/s r/s r/s a/s r/s g/s
52 g/s r/s r/s r/s g/s r/s p/s p/s g/s p/s g/s g/s g/s g/s g/s g/s g/s r/s r/s r/s g/s g/s g/s g/s a/s r/s g/s r/s
53 r/s r/s g/s g/s g/s g/s g/s g/s p/s g/s p/s p/s g/s g/s g/s g/s g/s g/s r/s g/s g/s g/s g/s g/s g/s g/s g/s g/s
54 r/s r/s g/s g/s r/s g/s r/s p/s r/s p/s r/s g/s g/s g/s g/s s/s g/s g/s g/s g/s r/s r/s g/f r/s r/s g/s r/s a/s
55 g/s g/s g/s g/s g/s g/s p/f g/s g/s r/s g/s g/s g/s r/s g/s r/s g/s g/s g/s g/s g/s g/s g/s g/s g/s a/s g/s a/s
56 g/s s/s g/s g/s g/s g/s p/s p/s p/s g/s p/s g/s r/s g/s g/s g/s g/s g/s g/s g/s g/s g/s g/s g/s g/s r/s a/f r/s
57 r/s r/s g/s g/s g/s g/s g/s r/s g/s p/s g/s p/s r/s g/s r/s g/s g/s g/s g/s g/s g/s g/s g/s g/s g/s g/s a/f g/s
58 r/s r/s g/s r/s g/s g/s p/s g/s p/s g/s p/s r/s r/s r/s g/s g/s r/s g/s g/s r/s g/s g/s g/s g/s r/s a/s r/s g/s
59 g/s r/s g/s g/s g/s r/s g/s p/s g/s g/s g/s g/s r/s g/s g/s g/s g/s r/s r/s g/s g/s g/s r/s g/s g/s a/s a/f r/s
60 g/s g/s r/s g/s r/s g/s p/s g/s p/s p/s p/s g/s g/s g/s g/s g/s g/s g/s g/s g/s g/s g/s g/s g/s g/s s/s a/f g/s
61 g/s g/s g/s g/s g/s g/s g/s p/s r/s g/s g/s g/s g/s r/s g/s r/s r/s g/s g/s g/s r/s g/s g/s r/s r/s g/s a/f g/s
62 g/s g/s g/s r/s g/s s/s r/s g/s g/s r/s p/s g/s r/s g/s g/s g/s g/s g/s g/s g/s g/s r/s r/f g/s g/s r/s a/f g/s
63 g/s g/s g/s g/s g/s g/s p/s p/s p/s p/s g/s p/s r/s g/s g/s g/s g/s g/s g/s r/s g/s g/s r/s g/s g/s g/s a/f g/s
64 g/s g/s r/s r/s r/s g/s g/s g/s g/s g/s p/s g/s r/s g/s r/s g/s g/s r/s g/s g/s g/s g/s g/s g/s g/s g/s r/s g/s
65 r/s g/s g/s g/s g/s g/s p/s g/s p/s p/s g/s g/s g/s r/s r/s r/s g/s g/s r/s g/s g/s g/s g/s r/s r/s g/s a/s r/s
66 g/s g/s r/s r/s g/s g/s g/s r/s g/s g/s r/s p/s g/s g/f g/s g/s r/s g/s g/s g/s r/s r/s r/s g/s g/s r/s a/s g/s
67 g/s g/s g/s g/s r/s r/s p/s p/s p/s p/s p/s g/s r/s r/s r/s r/s g/s g/s g/s g/s g/s g/s g/s g/s g/s g/s r/s g/s
68 g/s r/s r/s g/s g/s g/s g/s g/s r/s r/s g/s p/s r/s g/s g/s r/s g/s g/s g/s r/s g/s g/s r/s g/s g/s g/s g/s g/s
69 r/s g/s r/s g/s g/s g/s p/s p/s g/s g/s p/s r/s r/s g/s r/s r/s r/s g/s g/s g/s r/s r/f r/s s/s g/s g/s g/s r/s
70 g/s g/s r/s g/s g/s g/s g/s g/s p/s g/s g/s g/s g/s g/s g/s g/s g/s g/s g/s r/s g/s r/s g/s r/s r/s g/s r/s g/s
71 r/s g/s r/s g/s g/s g/s r/s p/s g/s p/s p/s p/s g/s g/s g/s g/s g/s g/s r/s g/s g/s g/s g/s g/s g/s r/s g/s g/s
72 r/s r/s r/s g/s g/s r/s g/s g/s p/s g/s g/s g/s g/s g/s g/s g/s g/s g/s g/s g/s r/s g/s g/s s/s g/s g/s g/s g/s
73 r/s r/s r/s r/s r/s g/s p/s r/s g/s g/s p/s p/s g/s g/s g/s g/s g/s r/s g/s g/s g/s r/s g/s g/s g/s g/s g/s g/s
74 g/s g/s g/s r/s g/s r/s g/s g/s p/s g/f g/s g/s g/s g/s g/s g/s g/s g/s g/s r/s g/s g/s r/s g/s g/s g/s g/s g/s
75 g/s g/s g/s g/s g/s g/s g/s p/s r/s g/s r/s p/s g/s g/s g/s g/s g/s g/s r/s g/s g/s g/s g/s r/s r/s r/s g/s r/s
76 g/s g/s g/s g/s r/s g/s g/s g/s g/s p/s p/s r/s g/s r/s g/s g/s g/s g/s g/s g/s r/s g/s g/s g/s g/s g/s r/s g/s
77 r/s g/s g/s g/s g/s r/s r/s g/s p/s r/s g/s g/s g/s g/s g/s g/s g/f g/s g/s g/s g/s g/s g/s g/s g/s g/s g/s g/s
